<?xml version="1.0" encoding="UTF-8"?>
<!-- Generated by org.testng.reporters.JUnitReportReporter -->
<testsuite hostname="sundeep-singamsettys-MacBook-Pro.local" name="com.prog.prac.test.ArmstrongNumberTest" tests="6" failures="0" timestamp="12 Feb 2016 20:17:41 GMT" time="0.042" errors="0">
  <testcase name="TestCase1" time="0.001" classname="com.prog.prac.test.ArmstrongNumberTest"/>
  <testcase name="TestCase1" time="0.000" classname="com.prog.prac.test.ArmstrongNumberTest"/>
  <testcase name="TestCase1" time="0.001" classname="com.prog.prac.test.ArmstrongNumberTest"/>
  <testcase name="TestCase1" time="0.001" classname="com.prog.prac.test.ArmstrongNumberTest"/>
  <testcase name="TestCase1" time="0.001" classname="com.prog.prac.test.ArmstrongNumberTest"/>
  <testcase name="TestCase1" time="0.038" classname="com.prog.prac.test.ArmstrongNumberTest"/>
</testsuite> <!-- com.prog.prac.test.ArmstrongNumberTest -->
