<?xml version="1.0" encoding="UTF-8"?>
<!-- Generated by org.testng.reporters.JUnitReportReporter -->
<testsuite hostname="sundeep-singamsettys-MacBook-Pro.local" name="com.prog.prac.FactorialTest" tests="1" failures="0" timestamp="12 Feb 2016 00:28:17 GMT" time="0.023" errors="0">
  <testcase name="validateFactorial" time="0.023" classname="com.prog.prac.FactorialTest"/>
</testsuite> <!-- com.prog.prac.FactorialTest -->
