<?xml version="1.0" encoding="UTF-8"?>
<!-- Generated by org.testng.reporters.JUnitReportReporter -->
<testsuite hostname="sundeep-singamsettys-MacBook-Pro.local" name="com.prog.prac.test.FactorialTest" tests="6" failures="0" timestamp="11 Feb 2016 23:30:53 GMT" time="0.028" errors="0">
  <testcase name="TestCase1" time="0.001" classname="com.prog.prac.test.FactorialTest"/>
  <testcase name="TestCase1" time="0.001" classname="com.prog.prac.test.FactorialTest"/>
  <testcase name="TestCase2" time="0.002" classname="com.prog.prac.test.FactorialTest"/>
  <testcase name="TestCase1" time="0.001" classname="com.prog.prac.test.FactorialTest"/>
  <testcase name="TestCase1" time="0.001" classname="com.prog.prac.test.FactorialTest"/>
  <testcase name="TestCase1" time="0.022" classname="com.prog.prac.test.FactorialTest"/>
</testsuite> <!-- com.prog.prac.test.FactorialTest -->
