<?xml version="1.0" encoding="UTF-8"?>
<!-- Generated by org.testng.reporters.JUnitReportReporter -->
<testsuite hostname="sundeep-singamsettys-MacBook-Pro.local" name="com.prog.prac.test.ArrayLargestNumTest" tests="10" failures="0" timestamp="11 Feb 2016 03:53:31 GMT" time="0.024" errors="0">
  <testcase name="TesCase4" time="0.001" classname="com.prog.prac.test.ArrayLargestNumTest"/>
  <testcase name="TesCase5" time="0.001" classname="com.prog.prac.test.ArrayLargestNumTest"/>
  <testcase name="TesCase8" time="0.000" classname="com.prog.prac.test.ArrayLargestNumTest"/>
  <testcase name="TesCase6" time="0.000" classname="com.prog.prac.test.ArrayLargestNumTest"/>
  <testcase name="TesCase7" time="0.001" classname="com.prog.prac.test.ArrayLargestNumTest"/>
  <testcase name="TesCase10" time="0.001" classname="com.prog.prac.test.ArrayLargestNumTest"/>
  <testcase name="TesCase9" time="0.000" classname="com.prog.prac.test.ArrayLargestNumTest"/>
  <testcase name="TesCase3" time="0.001" classname="com.prog.prac.test.ArrayLargestNumTest"/>
  <testcase name="TesCase1" time="0.018" classname="com.prog.prac.test.ArrayLargestNumTest"/>
  <testcase name="TesCase2" time="0.001" classname="com.prog.prac.test.ArrayLargestNumTest"/>
</testsuite> <!-- com.prog.prac.test.ArrayLargestNumTest -->
