<?xml version="1.0" encoding="UTF-8"?>
<!-- Generated by org.testng.reporters.JUnitReportReporter -->
<testsuite hostname="sundeep-singamsettys-MacBook-Pro.local" name="com.prog.prac.test.ArrayLinearSearchTest" tests="4" failures="0" timestamp="1 Oct 2015 22:56:38 GMT" time="0.020" errors="0">
  <testcase name="TesCase1" time="0.018" classname="com.prog.prac.test.ArrayLinearSearchTest"/>
  <testcase name="TesCase3" time="0.001" classname="com.prog.prac.test.ArrayLinearSearchTest"/>
  <testcase name="TesCase4" time="0.001" classname="com.prog.prac.test.ArrayLinearSearchTest"/>
  <testcase name="TesCase2" time="0.000" classname="com.prog.prac.test.ArrayLinearSearchTest"/>
</testsuite> <!-- com.prog.prac.test.ArrayLinearSearchTest -->
