<?xml version="1.0" encoding="UTF-8"?>
<!-- Generated by org.testng.reporters.JUnitReportReporter -->
<testsuite hostname="sundeep-singamsettys-MacBook-Pro.local" name="com.prog.prac.test.NumberSwapTest" tests="16" failures="0" timestamp="1 Oct 2015 06:48:14 GMT" time="0.015" errors="0">
  <testcase name="TestCase1" time="0.001" classname="com.prog.prac.test.NumberSwapTest"/>
  <testcase name="TestCase2" time="0.000" classname="com.prog.prac.test.NumberSwapTest"/>
  <testcase name="TestCase2" time="0.001" classname="com.prog.prac.test.NumberSwapTest"/>
  <testcase name="TestCase1" time="0.002" classname="com.prog.prac.test.NumberSwapTest"/>
  <testcase name="TestCase1" time="0.001" classname="com.prog.prac.test.NumberSwapTest"/>
  <testcase name="TestCase2" time="0.001" classname="com.prog.prac.test.NumberSwapTest"/>
  <testcase name="TestCase1" time="0.001" classname="com.prog.prac.test.NumberSwapTest"/>
  <testcase name="TestCase1" time="0.001" classname="com.prog.prac.test.NumberSwapTest"/>
  <testcase name="TestCase2" time="0.001" classname="com.prog.prac.test.NumberSwapTest"/>
  <testcase name="TestCase1" time="0.001" classname="com.prog.prac.test.NumberSwapTest"/>
  <testcase name="TestCase2" time="0.001" classname="com.prog.prac.test.NumberSwapTest"/>
  <testcase name="TestCase2" time="0.001" classname="com.prog.prac.test.NumberSwapTest"/>
  <testcase name="TestCase2" time="0.000" classname="com.prog.prac.test.NumberSwapTest"/>
  <testcase name="TestCase2" time="0.002" classname="com.prog.prac.test.NumberSwapTest"/>
  <testcase name="TestCase1" time="0.001" classname="com.prog.prac.test.NumberSwapTest"/>
  <testcase name="TestCase1" time="0.000" classname="com.prog.prac.test.NumberSwapTest"/>
</testsuite> <!-- com.prog.prac.test.NumberSwapTest -->
