<?xml version="1.0" encoding="UTF-8"?>
<!-- Generated by org.testng.reporters.JUnitReportReporter -->
<testsuite hostname="sundeep-singamsettys-MacBook-Pro.local" name="com.prog.prac.test.ArraysCommonNoTest" tests="8" failures="0" timestamp="1 Oct 2015 22:46:54 GMT" time="0.027" errors="0">
  <testcase name="TestCase1" time="0.020" classname="com.prog.prac.test.ArraysCommonNoTest"/>
  <testcase name="TestCase3" time="0.001" classname="com.prog.prac.test.ArraysCommonNoTest"/>
  <testcase name="TestCase4" time="0.001" classname="com.prog.prac.test.ArraysCommonNoTest"/>
  <testcase name="TestCase5" time="0.001" classname="com.prog.prac.test.ArraysCommonNoTest"/>
  <testcase name="TestCase2" time="0.001" classname="com.prog.prac.test.ArraysCommonNoTest"/>
  <testcase name="TestCase7" time="0.001" classname="com.prog.prac.test.ArraysCommonNoTest"/>
  <testcase name="TestCase8" time="0.001" classname="com.prog.prac.test.ArraysCommonNoTest"/>
  <testcase name="TestCase6" time="0.001" classname="com.prog.prac.test.ArraysCommonNoTest"/>
</testsuite> <!-- com.prog.prac.test.ArraysCommonNoTest -->
